offset:1011
11236.881129] log write.
<0>[11236.881135] FlyAudio.27
<0>[11237.881217] log write.
<0>[11237.881224] FlyAudio.28
<0>[11238.881308] log write.
<0>[11238.881315] FlyAudio.29
<0>[11239.881394] log write.
<0>[11239.881400] FlyAudio.30
<0>[11240.881483] log write.
<0>[11240.881490] FlyAudio.31
<0>[11241.881592] log write.
<0>[11241.881599] FlyAudio.32
<0>[11242.881688] log write.
<0>[11242.881695] FlyAudio.33
<0>[11243.881777] log write.
<0>[11243.881785] FlyAudio.34
<0>[11244.881868] log write.
<0>[11244.881875] FlyAudio.35
<0>[11245.881955] log write.
<0>[11245.881961] FlyAudio.36
<0>[11246.882045] log write.
<0>[11246.882052] FlyAudio.37
<0>[11247.882139] log write.
<0>[11247.882146] FlyAudio.38
<0>[11248.882225] log write.
<0>[11248.882231] FlyAudio.39
<0>[11249.882316] log write.
<0>[11249.882322] FlyAudio.40
<0>[11250.882416] log write.
<0>[11250.882424] FlyAudio.41
<0>[11251.882517] log write.
<0>[11251.882523] FlyAudio.42
<0>[11252.882607] log write.
<0>[11252.882614] FlyAudio.43
0>[11235.881042] log write.
<0>[11235.881049] FlyAudio.26
lyAudio.6
<0>[11216.879359] log write.
<0>[11216.879367] FlyAudio.7
<0>[11217.879456] log write.
<0>[11217.879463] FlyAudio.8
